2019-02-19 20:53:59,102 INFO org.springframework.boot.StartupInfoLogger [restartedMain] Starting DemoApplication on adi with PID 5119 (/home/andrzej/IdeaProjects/sample/demo/target/classes started by andrzej in /home/andrzej/IdeaProjects/sample/demo)
2019-02-19 20:53:59,121 INFO org.springframework.boot.SpringApplication [restartedMain] No active profile set, falling back to default profiles: default
2019-02-19 20:53:59,328 INFO org.springframework.boot.logging.DeferredLog [restartedMain] Devtools property defaults active! Set 'spring.devtools.add-properties' to 'false' to disable
2019-02-19 20:53:59,330 INFO org.springframework.boot.logging.DeferredLog [restartedMain] For additional web related logging consider setting the 'logging.level.web' property to 'DEBUG'
2019-02-19 20:54:03,637 INFO org.springframework.data.repository.config.RepositoryConfigurationDelegate [restartedMain] Bootstrapping Spring Data repositories in DEFAULT mode.
2019-02-19 20:54:03,721 INFO org.springframework.data.repository.config.RepositoryConfigurationDelegate [restartedMain] Finished Spring Data repository scanning in 57ms. Found 0 repository interfaces.
2019-02-19 20:54:05,847 INFO org.springframework.context.support.PostProcessorRegistrationDelegate$BeanPostProcessorChecker [restartedMain] Bean 'org.springframework.transaction.annotation.ProxyTransactionManagementConfiguration' of type [org.springframework.transaction.annotation.ProxyTransactionManagementConfiguration$$EnhancerBySpringCGLIB$$4d25fbcf] is not eligible for getting processed by all BeanPostProcessors (for example: not eligible for auto-proxying)
2019-02-19 20:54:07,540 INFO org.springframework.boot.web.embedded.tomcat.TomcatWebServer [restartedMain] Tomcat initialized with port(s): 8080 (http)
2019-02-19 20:54:07,606 INFO org.apache.juli.logging.DirectJDKLog [restartedMain] Initializing ProtocolHandler ["http-nio-8080"]
2019-02-19 20:54:07,734 INFO org.apache.juli.logging.DirectJDKLog [restartedMain] Starting service [Tomcat]
2019-02-19 20:54:07,738 INFO org.apache.juli.logging.DirectJDKLog [restartedMain] Starting Servlet engine: [Apache Tomcat/9.0.16]
2019-02-19 20:54:07,784 INFO org.apache.juli.logging.DirectJDKLog [restartedMain] The APR based Apache Tomcat Native library which allows optimal performance in production environments was not found on the java.library.path: [/usr/java/packages/lib:/usr/lib64:/lib64:/lib:/usr/lib]
2019-02-19 20:54:08,142 INFO org.apache.juli.logging.DirectJDKLog [restartedMain] Initializing Spring embedded WebApplicationContext
2019-02-19 20:54:08,144 INFO org.springframework.boot.web.servlet.context.ServletWebServerApplicationContext [restartedMain] Root WebApplicationContext: initialization completed in 8813 ms
2019-02-19 20:54:10,177 INFO com.zaxxer.hikari.HikariDataSource [restartedMain] HikariPool-1 - Starting...
2019-02-19 20:54:10,470 INFO com.zaxxer.hikari.HikariDataSource [restartedMain] HikariPool-1 - Start completed.
2019-02-19 20:54:10,633 INFO org.hibernate.jpa.internal.util.LogHelper [restartedMain] HHH000204: Processing PersistenceUnitInfo [
	name: default
	...]
2019-02-19 20:54:10,984 INFO org.hibernate.Version [restartedMain] HHH000412: Hibernate Core {5.3.7.Final}
2019-02-19 20:54:11,005 INFO org.hibernate.cfg.Environment [restartedMain] HHH000206: hibernate.properties not found
2019-02-19 20:54:11,470 INFO org.hibernate.annotations.common.reflection.java.JavaReflectionManager [restartedMain] HCANN000001: Hibernate Commons Annotations {5.0.4.Final}
2019-02-19 20:54:11,911 INFO org.hibernate.dialect.Dialect [restartedMain] HHH000400: Using dialect: org.hibernate.dialect.PostgreSQLDialect
2019-02-19 20:54:12,446 INFO org.hibernate.engine.jdbc.env.internal.LobCreatorBuilderImpl [restartedMain] HHH000421: Disabling contextual LOB creation as hibernate.jdbc.lob.non_contextual_creation is true
2019-02-19 20:54:12,462 INFO org.hibernate.type.BasicTypeRegistry [restartedMain] HHH000270: Type registration [java.util.UUID] overrides previous : org.hibernate.type.UUIDBinaryType@26bd4cd9
2019-02-19 20:54:12,922 INFO org.hibernate.tool.schema.internal.SchemaCreatorImpl [restartedMain] HHH000476: Executing import script 'org.hibernate.tool.schema.internal.exec.ScriptSourceInputNonExistentImpl@7844dbac'
2019-02-19 20:54:12,931 INFO org.springframework.orm.jpa.AbstractEntityManagerFactoryBean [restartedMain] Initialized JPA EntityManagerFactory for persistence unit 'default'
2019-02-19 20:54:12,989 INFO org.springframework.boot.devtools.autoconfigure.OptionalLiveReloadServer [restartedMain] LiveReload server is running on port 35729
2019-02-19 20:54:13,983 INFO org.springframework.scheduling.concurrent.ExecutorConfigurationSupport [restartedMain] Initializing ExecutorService 'applicationTaskExecutor'
2019-02-19 20:54:14,189 WARN org.springframework.boot.autoconfigure.orm.jpa.JpaBaseConfiguration$JpaWebConfiguration$JpaWebMvcConfiguration [restartedMain] spring.jpa.open-in-view is enabled by default. Therefore, database queries may be performed during view rendering. Explicitly configure spring.jpa.open-in-view to disable this warning
2019-02-19 20:54:15,583 INFO org.springframework.boot.actuate.endpoint.web.EndpointLinksResolver [restartedMain] Exposing 2 endpoint(s) beneath base path '/actuator'
2019-02-19 20:54:15,868 INFO org.apache.juli.logging.DirectJDKLog [restartedMain] Starting ProtocolHandler ["http-nio-8080"]
2019-02-19 20:54:15,942 INFO org.springframework.boot.web.embedded.tomcat.TomcatWebServer [restartedMain] Tomcat started on port(s): 8080 (http) with context path ''
2019-02-19 20:54:15,968 INFO org.springframework.boot.StartupInfoLogger [restartedMain] Started DemoApplication in 19.023 seconds (JVM running for 20.574)
2019-02-19 20:55:32,490 INFO org.springframework.boot.StartupInfoLogger [restartedMain] Starting DemoApplication on adi with PID 5243 (/home/andrzej/IdeaProjects/sample/demo/target/classes started by andrzej in /home/andrzej/IdeaProjects/sample/demo)
2019-02-19 20:55:32,509 INFO org.springframework.boot.SpringApplication [restartedMain] No active profile set, falling back to default profiles: default
2019-02-19 20:55:32,693 INFO org.springframework.boot.logging.DeferredLog [restartedMain] Devtools property defaults active! Set 'spring.devtools.add-properties' to 'false' to disable
2019-02-19 20:55:32,696 INFO org.springframework.boot.logging.DeferredLog [restartedMain] For additional web related logging consider setting the 'logging.level.web' property to 'DEBUG'
2019-02-19 20:55:37,263 INFO org.springframework.data.repository.config.RepositoryConfigurationDelegate [restartedMain] Bootstrapping Spring Data repositories in DEFAULT mode.
2019-02-19 20:55:37,367 INFO org.springframework.data.repository.config.RepositoryConfigurationDelegate [restartedMain] Finished Spring Data repository scanning in 77ms. Found 0 repository interfaces.
2019-02-19 20:55:39,875 INFO org.springframework.context.support.PostProcessorRegistrationDelegate$BeanPostProcessorChecker [restartedMain] Bean 'org.springframework.transaction.annotation.ProxyTransactionManagementConfiguration' of type [org.springframework.transaction.annotation.ProxyTransactionManagementConfiguration$$EnhancerBySpringCGLIB$$6766c498] is not eligible for getting processed by all BeanPostProcessors (for example: not eligible for auto-proxying)
2019-02-19 20:55:41,611 INFO org.springframework.boot.web.embedded.tomcat.TomcatWebServer [restartedMain] Tomcat initialized with port(s): 8080 (http)
2019-02-19 20:55:41,681 INFO org.apache.juli.logging.DirectJDKLog [restartedMain] Initializing ProtocolHandler ["http-nio-8080"]
2019-02-19 20:55:41,757 INFO org.apache.juli.logging.DirectJDKLog [restartedMain] Starting service [Tomcat]
2019-02-19 20:55:41,797 INFO org.apache.juli.logging.DirectJDKLog [restartedMain] Starting Servlet engine: [Apache Tomcat/9.0.16]
2019-02-19 20:55:41,865 INFO org.apache.juli.logging.DirectJDKLog [restartedMain] The APR based Apache Tomcat Native library which allows optimal performance in production environments was not found on the java.library.path: [/usr/java/packages/lib:/usr/lib64:/lib64:/lib:/usr/lib]
2019-02-19 20:55:42,263 INFO org.apache.juli.logging.DirectJDKLog [restartedMain] Initializing Spring embedded WebApplicationContext
2019-02-19 20:55:42,265 DEBUG org.springframework.boot.web.servlet.context.ServletWebServerApplicationContext [restartedMain] Published root WebApplicationContext as ServletContext attribute with name [org.springframework.web.context.WebApplicationContext.ROOT]
2019-02-19 20:55:42,276 INFO org.springframework.boot.web.servlet.context.ServletWebServerApplicationContext [restartedMain] Root WebApplicationContext: initialization completed in 9578 ms
2019-02-19 20:55:44,032 INFO com.zaxxer.hikari.HikariDataSource [restartedMain] HikariPool-1 - Starting...
2019-02-19 20:55:44,313 INFO com.zaxxer.hikari.HikariDataSource [restartedMain] HikariPool-1 - Start completed.
2019-02-19 20:55:44,605 INFO org.hibernate.jpa.internal.util.LogHelper [restartedMain] HHH000204: Processing PersistenceUnitInfo [
	name: default
	...]
2019-02-19 20:55:44,794 INFO org.hibernate.Version [restartedMain] HHH000412: Hibernate Core {5.3.7.Final}
2019-02-19 20:55:44,799 INFO org.hibernate.cfg.Environment [restartedMain] HHH000206: hibernate.properties not found
2019-02-19 20:55:45,304 INFO org.hibernate.annotations.common.reflection.java.JavaReflectionManager [restartedMain] HCANN000001: Hibernate Commons Annotations {5.0.4.Final}
2019-02-19 20:55:45,700 INFO org.hibernate.dialect.Dialect [restartedMain] HHH000400: Using dialect: org.hibernate.dialect.PostgreSQLDialect
2019-02-19 20:55:46,206 INFO org.hibernate.engine.jdbc.env.internal.LobCreatorBuilderImpl [restartedMain] HHH000421: Disabling contextual LOB creation as hibernate.jdbc.lob.non_contextual_creation is true
2019-02-19 20:55:46,222 INFO org.hibernate.type.BasicTypeRegistry [restartedMain] HHH000270: Type registration [java.util.UUID] overrides previous : org.hibernate.type.UUIDBinaryType@203af8fc
2019-02-19 20:55:47,028 INFO org.hibernate.tool.schema.internal.SchemaCreatorImpl [restartedMain] HHH000476: Executing import script 'org.hibernate.tool.schema.internal.exec.ScriptSourceInputNonExistentImpl@2e5de9d9'
2019-02-19 20:55:47,037 INFO org.springframework.orm.jpa.AbstractEntityManagerFactoryBean [restartedMain] Initialized JPA EntityManagerFactory for persistence unit 'default'
2019-02-19 20:55:47,103 INFO org.springframework.boot.devtools.autoconfigure.OptionalLiveReloadServer [restartedMain] LiveReload server is running on port 35729
2019-02-19 20:55:47,395 DEBUG org.springframework.web.servlet.handler.SimpleUrlHandlerMapping [restartedMain] Patterns [/**/favicon.ico] in 'faviconHandlerMapping'
2019-02-19 20:55:48,238 INFO org.springframework.scheduling.concurrent.ExecutorConfigurationSupport [restartedMain] Initializing ExecutorService 'applicationTaskExecutor'
2019-02-19 20:55:48,267 DEBUG org.springframework.web.servlet.mvc.method.annotation.RequestMappingHandlerAdapter [restartedMain] ControllerAdvice beans: 0 @ModelAttribute, 0 @InitBinder, 1 RequestBodyAdvice, 1 ResponseBodyAdvice
2019-02-19 20:55:48,396 WARN org.springframework.boot.autoconfigure.orm.jpa.JpaBaseConfiguration$JpaWebConfiguration$JpaWebMvcConfiguration [restartedMain] spring.jpa.open-in-view is enabled by default. Therefore, database queries may be performed during view rendering. Explicitly configure spring.jpa.open-in-view to disable this warning
2019-02-19 20:55:48,512 DEBUG org.springframework.web.servlet.handler.AbstractHandlerMethodMapping [restartedMain] 3 mappings in 'requestMappingHandlerMapping'
2019-02-19 20:55:48,563 DEBUG org.springframework.web.servlet.handler.SimpleUrlHandlerMapping [restartedMain] Patterns [/webjars/**, /**] in 'resourceHandlerMapping'
2019-02-19 20:55:48,596 DEBUG org.springframework.web.servlet.mvc.method.annotation.ExceptionHandlerExceptionResolver [restartedMain] ControllerAdvice beans: 0 @ExceptionHandler, 1 ResponseBodyAdvice
2019-02-19 20:55:49,681 INFO org.springframework.boot.actuate.endpoint.web.EndpointLinksResolver [restartedMain] Exposing 2 endpoint(s) beneath base path '/actuator'
2019-02-19 20:55:49,953 INFO org.apache.juli.logging.DirectJDKLog [restartedMain] Starting ProtocolHandler ["http-nio-8080"]
2019-02-19 20:55:50,173 INFO org.springframework.boot.web.embedded.tomcat.TomcatWebServer [restartedMain] Tomcat started on port(s): 8080 (http) with context path ''
2019-02-19 20:55:50,236 INFO org.springframework.boot.StartupInfoLogger [restartedMain] Started DemoApplication in 20.24 seconds (JVM running for 21.989)
2019-02-19 20:56:42,260 INFO org.apache.juli.logging.DirectJDKLog [http-nio-8080-exec-1] Initializing Spring DispatcherServlet 'dispatcherServlet'
2019-02-19 20:56:42,262 INFO org.springframework.web.servlet.FrameworkServlet [http-nio-8080-exec-1] Initializing Servlet 'dispatcherServlet'
2019-02-19 20:56:42,264 DEBUG org.springframework.web.servlet.DispatcherServlet [http-nio-8080-exec-1] Detected StandardServletMultipartResolver
2019-02-19 20:56:42,309 DEBUG org.springframework.web.servlet.FrameworkServlet [http-nio-8080-exec-1] enableLoggingRequestDetails='false': request parameters and headers will be masked to prevent unsafe logging of potentially sensitive data
2019-02-19 20:56:42,318 INFO org.springframework.web.servlet.FrameworkServlet [http-nio-8080-exec-1] Completed initialization in 55 ms
2019-02-19 20:56:42,389 DEBUG org.springframework.core.log.LogFormatUtils [http-nio-8080-exec-1] GET "/", parameters={}
2019-02-19 20:56:42,429 DEBUG org.springframework.web.servlet.handler.AbstractHandlerMapping [http-nio-8080-exec-1] Mapped to ResourceHttpRequestHandler ["classpath:/META-INF/resources/", "classpath:/resources/", "classpath:/static/", "classpath:/public/", "/"]
2019-02-19 20:56:42,695 DEBUG org.springframework.web.servlet.resource.ResourceHttpRequestHandler [http-nio-8080-exec-1] Resource not found
2019-02-19 20:56:42,703 DEBUG org.springframework.web.servlet.FrameworkServlet [http-nio-8080-exec-1] Completed 404 NOT_FOUND
2019-02-19 20:56:42,737 DEBUG org.springframework.core.log.LogFormatUtils [http-nio-8080-exec-1] "ERROR" dispatch for GET "/error", parameters={}
2019-02-19 20:56:42,762 DEBUG org.springframework.web.servlet.handler.AbstractHandlerMapping [http-nio-8080-exec-1] Mapped to public org.springframework.web.servlet.ModelAndView org.springframework.boot.autoconfigure.web.servlet.error.BasicErrorController.errorHtml(javax.servlet.http.HttpServletRequest,javax.servlet.http.HttpServletResponse)
2019-02-19 20:56:42,889 DEBUG org.springframework.web.servlet.view.ContentNegotiatingViewResolver [http-nio-8080-exec-1] Selected 'text/html' given [text/html, text/html;q=0.8]
2019-02-19 20:56:42,909 DEBUG org.springframework.web.servlet.FrameworkServlet [http-nio-8080-exec-1] Exiting from "ERROR" dispatch, status 404
2019-02-19 20:56:43,348 DEBUG org.springframework.core.log.LogFormatUtils [http-nio-8080-exec-2] GET "/favicon.ico", parameters={}
2019-02-19 20:56:43,350 DEBUG org.springframework.web.servlet.handler.AbstractHandlerMapping [http-nio-8080-exec-2] Mapped to ResourceHttpRequestHandler [class path resource [META-INF/resources/], class path resource [resources/], class path resource [static/], class path resource [public/], ServletContext resource [/], class path resource []]
2019-02-19 20:56:43,462 DEBUG org.springframework.web.servlet.FrameworkServlet [http-nio-8080-exec-2] Completed 200 OK
2019-02-19 20:56:55,944 DEBUG org.springframework.core.log.LogFormatUtils [http-nio-8080-exec-3] GET "/greeting", parameters={}
2019-02-19 20:56:55,951 DEBUG org.springframework.web.servlet.handler.AbstractHandlerMapping [http-nio-8080-exec-3] Mapped to public jpa.example.demo.model.Greeting jpa.example.demo.rest.GreetingController.greeting(java.lang.String)
2019-02-19 20:56:56,083 DEBUG org.springframework.web.servlet.mvc.method.annotation.AbstractMessageConverterMethodProcessor [http-nio-8080-exec-3] Using 'application/json;q=0.8', given [text/html, application/xhtml+xml, image/webp, image/apng, application/xml;q=0.9, */*;q=0.8] and supported [application/json, application/*+json, application/json, application/*+json]
2019-02-19 20:56:56,086 DEBUG org.springframework.core.log.LogFormatUtils [http-nio-8080-exec-3] Writing [jpa.example.demo.model.Greeting@4b369b31]
2019-02-19 20:56:56,115 DEBUG org.springframework.web.servlet.FrameworkServlet [http-nio-8080-exec-3] Completed 200 OK
2019-02-19 21:00:47,995 INFO org.springframework.boot.StartupInfoLogger [restartedMain] Starting DemoApplication on adi with PID 5571 (/home/andrzej/IdeaProjects/sample/demo/target/classes started by andrzej in /home/andrzej/IdeaProjects/sample/demo)
2019-02-19 21:00:48,010 INFO org.springframework.boot.SpringApplication [restartedMain] No active profile set, falling back to default profiles: default
2019-02-19 21:00:48,230 INFO org.springframework.boot.logging.DeferredLog [restartedMain] Devtools property defaults active! Set 'spring.devtools.add-properties' to 'false' to disable
2019-02-19 21:00:48,241 INFO org.springframework.boot.logging.DeferredLog [restartedMain] For additional web related logging consider setting the 'logging.level.web' property to 'DEBUG'
2019-02-19 21:00:52,403 INFO org.springframework.data.repository.config.RepositoryConfigurationDelegate [restartedMain] Bootstrapping Spring Data repositories in DEFAULT mode.
2019-02-19 21:00:52,485 INFO org.springframework.data.repository.config.RepositoryConfigurationDelegate [restartedMain] Finished Spring Data repository scanning in 53ms. Found 0 repository interfaces.
2019-02-19 21:00:54,324 INFO org.springframework.context.support.PostProcessorRegistrationDelegate$BeanPostProcessorChecker [restartedMain] Bean 'org.springframework.transaction.annotation.ProxyTransactionManagementConfiguration' of type [org.springframework.transaction.annotation.ProxyTransactionManagementConfiguration$$EnhancerBySpringCGLIB$$64bbd952] is not eligible for getting processed by all BeanPostProcessors (for example: not eligible for auto-proxying)
2019-02-19 21:00:56,151 INFO org.springframework.boot.web.embedded.tomcat.TomcatWebServer [restartedMain] Tomcat initialized with port(s): 8080 (http)
2019-02-19 21:00:56,207 INFO org.apache.juli.logging.DirectJDKLog [restartedMain] Initializing ProtocolHandler ["http-nio-8080"]
2019-02-19 21:00:56,255 INFO org.apache.juli.logging.DirectJDKLog [restartedMain] Starting service [Tomcat]
2019-02-19 21:00:56,257 INFO org.apache.juli.logging.DirectJDKLog [restartedMain] Starting Servlet engine: [Apache Tomcat/9.0.16]
2019-02-19 21:00:56,291 INFO org.apache.juli.logging.DirectJDKLog [restartedMain] The APR based Apache Tomcat Native library which allows optimal performance in production environments was not found on the java.library.path: [/usr/java/packages/lib:/usr/lib64:/lib64:/lib:/usr/lib]
2019-02-19 21:00:56,697 INFO org.apache.juli.logging.DirectJDKLog [restartedMain] Initializing Spring embedded WebApplicationContext
2019-02-19 21:00:56,699 DEBUG org.springframework.boot.web.servlet.context.ServletWebServerApplicationContext [restartedMain] Published root WebApplicationContext as ServletContext attribute with name [org.springframework.web.context.WebApplicationContext.ROOT]
2019-02-19 21:00:56,708 INFO org.springframework.boot.web.servlet.context.ServletWebServerApplicationContext [restartedMain] Root WebApplicationContext: initialization completed in 8465 ms
2019-02-19 21:00:58,596 INFO com.zaxxer.hikari.HikariDataSource [restartedMain] HikariPool-1 - Starting...
2019-02-19 21:00:58,854 INFO com.zaxxer.hikari.HikariDataSource [restartedMain] HikariPool-1 - Start completed.
2019-02-19 21:00:59,005 INFO org.hibernate.jpa.internal.util.LogHelper [restartedMain] HHH000204: Processing PersistenceUnitInfo [
	name: default
	...]
2019-02-19 21:00:59,276 INFO org.hibernate.Version [restartedMain] HHH000412: Hibernate Core {5.3.7.Final}
2019-02-19 21:00:59,281 INFO org.hibernate.cfg.Environment [restartedMain] HHH000206: hibernate.properties not found
2019-02-19 21:00:59,704 INFO org.hibernate.annotations.common.reflection.java.JavaReflectionManager [restartedMain] HCANN000001: Hibernate Commons Annotations {5.0.4.Final}
2019-02-19 21:01:00,108 INFO org.hibernate.dialect.Dialect [restartedMain] HHH000400: Using dialect: org.hibernate.dialect.PostgreSQLDialect
2019-02-19 21:01:00,562 INFO org.hibernate.engine.jdbc.env.internal.LobCreatorBuilderImpl [restartedMain] HHH000421: Disabling contextual LOB creation as hibernate.jdbc.lob.non_contextual_creation is true
2019-02-19 21:01:00,584 INFO org.hibernate.type.BasicTypeRegistry [restartedMain] HHH000270: Type registration [java.util.UUID] overrides previous : org.hibernate.type.UUIDBinaryType@62e7fc3e
2019-02-19 21:01:00,996 INFO org.hibernate.tool.schema.internal.SchemaCreatorImpl [restartedMain] HHH000476: Executing import script 'org.hibernate.tool.schema.internal.exec.ScriptSourceInputNonExistentImpl@58a51a39'
2019-02-19 21:01:01,006 INFO org.springframework.orm.jpa.AbstractEntityManagerFactoryBean [restartedMain] Initialized JPA EntityManagerFactory for persistence unit 'default'
2019-02-19 21:01:01,062 INFO org.springframework.boot.devtools.autoconfigure.OptionalLiveReloadServer [restartedMain] LiveReload server is running on port 35729
2019-02-19 21:01:01,404 DEBUG org.springframework.web.servlet.handler.SimpleUrlHandlerMapping [restartedMain] Patterns [/**/favicon.ico] in 'faviconHandlerMapping'
2019-02-19 21:01:02,024 INFO org.springframework.scheduling.concurrent.ExecutorConfigurationSupport [restartedMain] Initializing ExecutorService 'applicationTaskExecutor'
2019-02-19 21:01:02,068 DEBUG org.springframework.web.servlet.mvc.method.annotation.RequestMappingHandlerAdapter [restartedMain] ControllerAdvice beans: 0 @ModelAttribute, 0 @InitBinder, 1 RequestBodyAdvice, 1 ResponseBodyAdvice
2019-02-19 21:01:02,206 WARN org.springframework.boot.autoconfigure.orm.jpa.JpaBaseConfiguration$JpaWebConfiguration$JpaWebMvcConfiguration [restartedMain] spring.jpa.open-in-view is enabled by default. Therefore, database queries may be performed during view rendering. Explicitly configure spring.jpa.open-in-view to disable this warning
2019-02-19 21:01:02,367 DEBUG org.springframework.web.servlet.handler.AbstractHandlerMethodMapping [restartedMain] 3 mappings in 'requestMappingHandlerMapping'
2019-02-19 21:01:02,438 DEBUG org.springframework.web.servlet.handler.SimpleUrlHandlerMapping [restartedMain] Patterns [/webjars/**, /**] in 'resourceHandlerMapping'
2019-02-19 21:01:02,482 DEBUG org.springframework.web.servlet.mvc.method.annotation.ExceptionHandlerExceptionResolver [restartedMain] ControllerAdvice beans: 0 @ExceptionHandler, 1 ResponseBodyAdvice
2019-02-19 21:01:03,752 INFO org.springframework.boot.actuate.endpoint.web.EndpointLinksResolver [restartedMain] Exposing 0 endpoint(s) beneath base path '/actuator'
2019-02-19 21:01:04,003 INFO org.apache.juli.logging.DirectJDKLog [restartedMain] Starting ProtocolHandler ["http-nio-8080"]
2019-02-19 21:01:04,131 INFO org.springframework.boot.web.embedded.tomcat.TomcatWebServer [restartedMain] Tomcat started on port(s): 8080 (http) with context path ''
2019-02-19 21:01:04,161 INFO org.springframework.boot.StartupInfoLogger [restartedMain] Started DemoApplication in 18.232 seconds (JVM running for 19.79)
2019-02-19 21:01:40,680 INFO org.apache.juli.logging.DirectJDKLog [http-nio-8080-exec-1] Initializing Spring DispatcherServlet 'dispatcherServlet'
2019-02-19 21:01:40,682 INFO org.springframework.web.servlet.FrameworkServlet [http-nio-8080-exec-1] Initializing Servlet 'dispatcherServlet'
2019-02-19 21:01:40,683 DEBUG org.springframework.web.servlet.DispatcherServlet [http-nio-8080-exec-1] Detected StandardServletMultipartResolver
2019-02-19 21:01:40,728 DEBUG org.springframework.web.servlet.FrameworkServlet [http-nio-8080-exec-1] enableLoggingRequestDetails='false': request parameters and headers will be masked to prevent unsafe logging of potentially sensitive data
2019-02-19 21:01:40,729 INFO org.springframework.web.servlet.FrameworkServlet [http-nio-8080-exec-1] Completed initialization in 46 ms
2019-02-19 21:01:40,789 DEBUG org.springframework.core.log.LogFormatUtils [http-nio-8080-exec-1] GET "/actuator/health", parameters={}
2019-02-19 21:01:40,821 DEBUG org.springframework.web.servlet.handler.AbstractHandlerMapping [http-nio-8080-exec-1] Mapped to ResourceHttpRequestHandler ["classpath:/META-INF/resources/", "classpath:/resources/", "classpath:/static/", "classpath:/public/", "/"]
2019-02-19 21:01:41,107 DEBUG org.springframework.web.servlet.resource.ResourceHttpRequestHandler [http-nio-8080-exec-1] Resource not found
2019-02-19 21:01:41,117 DEBUG org.springframework.web.servlet.FrameworkServlet [http-nio-8080-exec-1] Completed 404 NOT_FOUND
2019-02-19 21:01:41,149 DEBUG org.springframework.core.log.LogFormatUtils [http-nio-8080-exec-1] "ERROR" dispatch for GET "/error", parameters={}
2019-02-19 21:01:41,166 DEBUG org.springframework.web.servlet.handler.AbstractHandlerMapping [http-nio-8080-exec-1] Mapped to public org.springframework.web.servlet.ModelAndView org.springframework.boot.autoconfigure.web.servlet.error.BasicErrorController.errorHtml(javax.servlet.http.HttpServletRequest,javax.servlet.http.HttpServletResponse)
2019-02-19 21:01:41,226 DEBUG org.springframework.web.servlet.view.ContentNegotiatingViewResolver [http-nio-8080-exec-1] Selected 'text/html' given [text/html, text/html;q=0.8]
2019-02-19 21:01:41,265 DEBUG org.springframework.web.servlet.FrameworkServlet [http-nio-8080-exec-1] Exiting from "ERROR" dispatch, status 404
2019-02-19 21:01:45,812 DEBUG org.springframework.core.log.LogFormatUtils [http-nio-8080-exec-2] GET "/health", parameters={}
2019-02-19 21:01:45,818 DEBUG org.springframework.web.servlet.handler.AbstractHandlerMapping [http-nio-8080-exec-2] Mapped to ResourceHttpRequestHandler ["classpath:/META-INF/resources/", "classpath:/resources/", "classpath:/static/", "classpath:/public/", "/"]
2019-02-19 21:01:45,824 DEBUG org.springframework.web.servlet.resource.ResourceHttpRequestHandler [http-nio-8080-exec-2] Resource not found
2019-02-19 21:01:45,826 DEBUG org.springframework.web.servlet.FrameworkServlet [http-nio-8080-exec-2] Completed 404 NOT_FOUND
2019-02-19 21:01:45,828 DEBUG org.springframework.core.log.LogFormatUtils [http-nio-8080-exec-2] "ERROR" dispatch for GET "/error", parameters={}
2019-02-19 21:01:45,834 DEBUG org.springframework.web.servlet.handler.AbstractHandlerMapping [http-nio-8080-exec-2] Mapped to public org.springframework.web.servlet.ModelAndView org.springframework.boot.autoconfigure.web.servlet.error.BasicErrorController.errorHtml(javax.servlet.http.HttpServletRequest,javax.servlet.http.HttpServletResponse)
2019-02-19 21:01:45,845 DEBUG org.springframework.web.servlet.view.ContentNegotiatingViewResolver [http-nio-8080-exec-2] Selected 'text/html' given [text/html, text/html;q=0.8]
2019-02-19 21:01:45,848 DEBUG org.springframework.web.servlet.FrameworkServlet [http-nio-8080-exec-2] Exiting from "ERROR" dispatch, status 404
2019-02-19 21:02:06,511 DEBUG org.springframework.core.log.LogFormatUtils [http-nio-8080-exec-3] GET "/actuator", parameters={}
2019-02-19 21:02:06,541 DEBUG org.springframework.web.servlet.mvc.method.annotation.AbstractMessageConverterMethodProcessor [http-nio-8080-exec-3] Using 'application/vnd.spring-boot.actuator.v2+json;q=0.8', given [text/html, application/xhtml+xml, image/webp, image/apng, application/xml;q=0.9, */*;q=0.8] and supported [application/vnd.spring-boot.actuator.v2+json, application/json]
2019-02-19 21:02:06,566 DEBUG org.springframework.core.log.LogFormatUtils [http-nio-8080-exec-3] Writing [{_links={self=[Link@63caa284 href = 'http://localhost:8080/actuator']}}]
2019-02-19 21:02:06,659 DEBUG org.springframework.web.servlet.FrameworkServlet [http-nio-8080-exec-3] Completed 200 OK
2019-02-19 21:02:19,877 DEBUG org.springframework.core.log.LogFormatUtils [http-nio-8080-exec-4] GET "/actuator/beans", parameters={}
2019-02-19 21:02:19,882 DEBUG org.springframework.web.servlet.handler.AbstractHandlerMapping [http-nio-8080-exec-4] Mapped to ResourceHttpRequestHandler ["classpath:/META-INF/resources/", "classpath:/resources/", "classpath:/static/", "classpath:/public/", "/"]
2019-02-19 21:02:19,886 DEBUG org.springframework.web.servlet.resource.ResourceHttpRequestHandler [http-nio-8080-exec-4] Resource not found
2019-02-19 21:02:19,888 DEBUG org.springframework.web.servlet.FrameworkServlet [http-nio-8080-exec-4] Completed 404 NOT_FOUND
2019-02-19 21:02:19,892 DEBUG org.springframework.core.log.LogFormatUtils [http-nio-8080-exec-4] "ERROR" dispatch for GET "/error", parameters={}
2019-02-19 21:02:19,898 DEBUG org.springframework.web.servlet.handler.AbstractHandlerMapping [http-nio-8080-exec-4] Mapped to public org.springframework.web.servlet.ModelAndView org.springframework.boot.autoconfigure.web.servlet.error.BasicErrorController.errorHtml(javax.servlet.http.HttpServletRequest,javax.servlet.http.HttpServletResponse)
2019-02-19 21:02:19,909 DEBUG org.springframework.web.servlet.view.ContentNegotiatingViewResolver [http-nio-8080-exec-4] Selected 'text/html' given [text/html, text/html;q=0.8]
2019-02-19 21:02:19,911 DEBUG org.springframework.web.servlet.FrameworkServlet [http-nio-8080-exec-4] Exiting from "ERROR" dispatch, status 404
2019-02-19 21:02:23,181 DEBUG org.springframework.core.log.LogFormatUtils [http-nio-8080-exec-5] GET "/actuator", parameters={}
2019-02-19 21:02:23,186 DEBUG org.springframework.web.servlet.mvc.method.annotation.AbstractMessageConverterMethodProcessor [http-nio-8080-exec-5] Using 'application/vnd.spring-boot.actuator.v2+json;q=0.8', given [text/html, application/xhtml+xml, image/webp, image/apng, application/xml;q=0.9, */*;q=0.8] and supported [application/vnd.spring-boot.actuator.v2+json, application/json]
2019-02-19 21:02:23,188 DEBUG org.springframework.core.log.LogFormatUtils [http-nio-8080-exec-5] Writing [{_links={self=[Link@6b722c38 href = 'http://localhost:8080/actuator']}}]
2019-02-19 21:02:23,191 DEBUG org.springframework.web.servlet.FrameworkServlet [http-nio-8080-exec-5] Completed 200 OK
2019-02-19 21:02:51,002 DEBUG org.springframework.core.log.LogFormatUtils [http-nio-8080-exec-6] GET "/greeting", parameters={}
2019-02-19 21:02:51,007 DEBUG org.springframework.web.servlet.handler.AbstractHandlerMapping [http-nio-8080-exec-6] Mapped to public jpa.example.demo.model.Greeting jpa.example.demo.rest.GreetingController.greeting(java.lang.String)
2019-02-19 21:02:51,037 DEBUG org.springframework.web.servlet.mvc.method.annotation.AbstractMessageConverterMethodProcessor [http-nio-8080-exec-6] Using 'application/json;q=0.8', given [text/html, application/xhtml+xml, image/webp, image/apng, application/xml;q=0.9, */*;q=0.8] and supported [application/json, application/*+json, application/json, application/*+json]
2019-02-19 21:02:51,039 DEBUG org.springframework.core.log.LogFormatUtils [http-nio-8080-exec-6] Writing [jpa.example.demo.model.Greeting@6f24608f]
2019-02-19 21:02:51,051 DEBUG org.springframework.web.servlet.FrameworkServlet [http-nio-8080-exec-6] Completed 200 OK
